  main.cpp
C:\Users\tioma\source\repos\common_text\neurons.h(36,13): warning C4244: 'argument': conversion from 'time_t' to 'unsigned int', possible loss of data
C:\Users\tioma\source\repos\common_text\neurons.h(57,13): warning C4244: 'argument': conversion from 'time_t' to 'unsigned int', possible loss of data
C:\Users\tioma\source\repos\common_text\neurons.h(114,18): warning C4244: 'initializing': conversion from 'double' to 'int', possible loss of data
C:\Users\tioma\source\repos\common_text\neurons.h(195,13): warning C4244: 'argument': conversion from 'time_t' to 'unsigned int', possible loss of data
C:\Users\tioma\source\repos\common_text\main.cpp(27,24): error C2065: 'l': undeclared identifier
C:\Users\tioma\source\repos\common_text\main.cpp(27,27): error C2065: 'sizes': undeclared identifier
  study.cpp
C:\Users\tioma\source\repos\common_text\neurons.h(36,13): warning C4244: 'argument': conversion from 'time_t' to 'unsigned int', possible loss of data
C:\Users\tioma\source\repos\common_text\neurons.h(57,13): warning C4244: 'argument': conversion from 'time_t' to 'unsigned int', possible loss of data
C:\Users\tioma\source\repos\common_text\neurons.h(114,18): warning C4244: 'initializing': conversion from 'double' to 'int', possible loss of data
C:\Users\tioma\source\repos\common_text\neurons.h(195,13): warning C4244: 'argument': conversion from 'time_t' to 'unsigned int', possible loss of data
C:\Users\tioma\source\repos\common_text\study.cpp(20,30): error C2065: 'input_size': undeclared identifier
C:\Users\tioma\source\repos\common_text\study.cpp(25,22): error C2065: 'size1': undeclared identifier
C:\Users\tioma\source\repos\common_text\study.cpp(28,9): error C2065: 'input_size': undeclared identifier
C:\Users\tioma\source\repos\common_text\study.cpp(29,9): error C2065: 'input_size': undeclared identifier
C:\Users\tioma\source\repos\common_text\study.cpp(30,9): error C2065: 'input_size': undeclared identifier
C:\Users\tioma\source\repos\common_text\study.cpp(36,12): warning C4244: 'argument': conversion from 'time_t' to 'unsigned int', possible loss of data
C:\Users\tioma\source\repos\common_text\study.cpp(48,15): error C2065: 'l': undeclared identifier
C:\Users\tioma\source\repos\common_text\study.cpp(48,18): error C2065: 'sizes': undeclared identifier
C:\Users\tioma\source\repos\common_text\study.cpp(52,30): error C2065: 'input_size': undeclared identifier
C:\Users\tioma\source\repos\common_text\study.cpp(70,15): warning C4244: 'initializing': conversion from 'double' to 'int', possible loss of data
  Generating Code...
